<?xml version="1.0" encoding="utf-8"?><testsuites name="pytest tests"><testsuite name="pytest" errors="0" failures="0" skipped="12" tests="12" time="0.448" timestamp="2025-06-11T23:57:51.352465+00:00" hostname="chatllm-computer-1106ece8c5-d96bf89c6-7mklw"><testcase classname="tests.integration.test_real_apis.TestRealAPIIntegration" name="test_etsy_authentication_renewal" time="0.001"><skipped type="pytest.skip" message="Etsy API credentials not available for integration testing">/home/ubuntu/sea-engine/tests/integration/test_real_apis.py:102: Etsy API credentials not available for integration testing</skipped></testcase><testcase classname="tests.integration.test_real_apis.TestRealAPIIntegration" name="test_etsy_rate_limiting_compliance" time="0.000"><skipped type="pytest.skip" message="Etsy API credentials not available for integration testing">/home/ubuntu/sea-engine/tests/integration/test_real_apis.py:117: Etsy API credentials not available for integration testing</skipped></testcase><testcase classname="tests.integration.test_real_apis.TestRealAPIIntegration" name="test_etsy_error_handling_401" time="0.000"><skipped type="pytest.skip" message="Etsy API credentials not available for integration testing">/home/ubuntu/sea-engine/tests/integration/test_real_apis.py:137: Etsy API credentials not available for integration testing</skipped></testcase><testcase classname="tests.integration.test_real_apis.TestRealAPIIntegration" name="test_etsy_error_handling_429" time="0.000"><skipped type="pytest.skip" message="Etsy API credentials not available for integration testing">/home/ubuntu/sea-engine/tests/integration/test_real_apis.py:153: Etsy API credentials not available for integration testing</skipped></testcase><testcase classname="tests.integration.test_real_apis.TestRealAPIIntegration" name="test_etsy_error_handling_500" time="0.000"><skipped type="pytest.skip" message="Etsy API credentials not available for integration testing">/home/ubuntu/sea-engine/tests/integration/test_real_apis.py:171: Etsy API credentials not available for integration testing</skipped></testcase><testcase classname="tests.integration.test_real_apis.TestRealAPIIntegration" name="test_printify_product_creation_real" time="0.000"><skipped type="pytest.skip" message="Printify API credentials not available for integration testing">/home/ubuntu/sea-engine/tests/integration/test_real_apis.py:186: Printify API credentials not available for integration testing</skipped></testcase><testcase classname="tests.integration.test_real_apis.TestRealAPIIntegration" name="test_printify_blueprint_validation" time="0.000"><skipped type="pytest.skip" message="Printify API credentials not available for integration testing">/home/ubuntu/sea-engine/tests/integration/test_real_apis.py:253: Printify API credentials not available for integration testing</skipped></testcase><testcase classname="tests.integration.test_real_apis.TestRealAPIIntegration" name="test_printify_image_upload_real" time="0.000"><skipped type="pytest.skip" message="Printify API credentials not available for integration testing">/home/ubuntu/sea-engine/tests/integration/test_real_apis.py:271: Printify API credentials not available for integration testing</skipped></testcase><testcase classname="tests.integration.test_real_apis.TestRealAPIIntegration" name="test_printify_error_scenarios" time="0.000"><skipped type="pytest.skip" message="Printify API credentials not available for integration testing">/home/ubuntu/sea-engine/tests/integration/test_real_apis.py:287: Printify API credentials not available for integration testing</skipped></testcase><testcase classname="tests.integration.test_real_apis.TestRealAPIIntegration" name="test_sheets_read_write_operations" time="0.002"><skipped type="pytest.skip" message="Failed to initialize Sheets client: Incorrect padding">/home/ubuntu/sea-engine/tests/integration/test_real_apis.py:302: Failed to initialize Sheets client: Incorrect padding</skipped></testcase><testcase classname="tests.integration.test_real_apis.TestRealAPIIntegration" name="test_sheets_authentication_refresh" time="0.001"><skipped type="pytest.skip" message="Failed to initialize Sheets client: Incorrect padding">/home/ubuntu/sea-engine/tests/integration/test_real_apis.py:322: Failed to initialize Sheets client: Incorrect padding</skipped></testcase><testcase classname="tests.integration.test_real_apis.TestRealAPIIntegration" name="test_sheets_error_handling" time="0.001"><skipped type="pytest.skip" message="Failed to initialize Sheets client: Incorrect padding">/home/ubuntu/sea-engine/tests/integration/test_real_apis.py:334: Failed to initialize Sheets client: Incorrect padding</skipped></testcase></testsuite></testsuites>