<?xml version="1.0" encoding="utf-8"?><testsuites name="pytest tests"><testsuite name="pytest" errors="0" failures="0" skipped="14" tests="14" time="0.736" timestamp="2025-06-11T23:57:53.878939+00:00" hostname="chatllm-computer-1106ece8c5-d96bf89c6-7mklw"><testcase classname="tests.integration.test_edge_cases.TestEdgeCasesAndFailures" name="test_invalid_product_configuration" time="0.025"><skipped type="pytest.skip" message="Failed to initialize edge case engine: Incorrect padding">/home/ubuntu/sea-engine/tests/integration/test_edge_cases.py:73: Failed to initialize edge case engine: Incorrect padding</skipped></testcase><testcase classname="tests.integration.test_edge_cases.TestEdgeCasesAndFailures" name="test_malformed_input_data" time="0.026"><skipped type="pytest.skip" message="Failed to initialize edge case engine: Incorrect padding">/home/ubuntu/sea-engine/tests/integration/test_edge_cases.py:89: Failed to initialize edge case engine: Incorrect padding</skipped></testcase><testcase classname="tests.integration.test_edge_cases.TestEdgeCasesAndFailures" name="test_missing_required_fields" time="0.024"><skipped type="pytest.skip" message="Failed to initialize edge case engine: Incorrect padding">/home/ubuntu/sea-engine/tests/integration/test_edge_cases.py:104: Failed to initialize edge case engine: Incorrect padding</skipped></testcase><testcase classname="tests.integration.test_edge_cases.TestEdgeCasesAndFailures" name="test_data_type_validation" time="0.026"><skipped type="pytest.skip" message="Failed to initialize edge case engine: Incorrect padding">/home/ubuntu/sea-engine/tests/integration/test_edge_cases.py:119: Failed to initialize edge case engine: Incorrect padding</skipped></testcase><testcase classname="tests.integration.test_edge_cases.TestEdgeCasesAndFailures" name="test_network_connectivity_failure" time="0.024"><skipped type="pytest.skip" message="Failed to initialize edge case engine: Incorrect padding">/home/ubuntu/sea-engine/tests/integration/test_edge_cases.py:134: Failed to initialize edge case engine: Incorrect padding</skipped></testcase><testcase classname="tests.integration.test_edge_cases.TestEdgeCasesAndFailures" name="test_disk_space_limitation" time="0.024"><skipped type="pytest.skip" message="Failed to initialize edge case engine: Incorrect padding">/home/ubuntu/sea-engine/tests/integration/test_edge_cases.py:156: Failed to initialize edge case engine: Incorrect padding</skipped></testcase><testcase classname="tests.integration.test_edge_cases.TestEdgeCasesAndFailures" name="test_file_permission_errors" time="0.024"><skipped type="pytest.skip" message="Failed to initialize edge case engine: Incorrect padding">/home/ubuntu/sea-engine/tests/integration/test_edge_cases.py:179: Failed to initialize edge case engine: Incorrect padding</skipped></testcase><testcase classname="tests.integration.test_edge_cases.TestEdgeCasesAndFailures" name="test_configuration_file_corruption" time="0.025"><skipped type="pytest.skip" message="Failed to initialize edge case engine: Incorrect padding">/home/ubuntu/sea-engine/tests/integration/test_edge_cases.py:201: Failed to initialize edge case engine: Incorrect padding</skipped></testcase><testcase classname="tests.integration.test_edge_cases.TestEdgeCasesAndFailures" name="test_api_service_unavailability" time="0.024"><skipped type="pytest.skip" message="Failed to initialize edge case engine: Incorrect padding">/home/ubuntu/sea-engine/tests/integration/test_edge_cases.py:222: Failed to initialize edge case engine: Incorrect padding</skipped></testcase><testcase classname="tests.integration.test_edge_cases.TestEdgeCasesAndFailures" name="test_partial_api_response_handling" time="0.025"><skipped type="pytest.skip" message="Failed to initialize edge case engine: Incorrect padding">/home/ubuntu/sea-engine/tests/integration/test_edge_cases.py:244: Failed to initialize edge case engine: Incorrect padding</skipped></testcase><testcase classname="tests.integration.test_edge_cases.TestEdgeCasesAndFailures" name="test_timeout_and_retry_exhaustion" time="0.025"><skipped type="pytest.skip" message="Failed to initialize edge case engine: Incorrect padding">/home/ubuntu/sea-engine/tests/integration/test_edge_cases.py:267: Failed to initialize edge case engine: Incorrect padding</skipped></testcase><testcase classname="tests.integration.test_edge_cases.TestEdgeCasesAndFailures" name="test_authentication_service_failure" time="0.024"><skipped type="pytest.skip" message="Failed to initialize edge case engine: Incorrect padding">/home/ubuntu/sea-engine/tests/integration/test_edge_cases.py:289: Failed to initialize edge case engine: Incorrect padding</skipped></testcase><testcase classname="tests.integration.test_edge_cases.TestEdgeCasesAndFailures" name="test_concurrent_access_conflicts" time="0.024"><skipped type="pytest.skip" message="Failed to initialize edge case engine: Incorrect padding">/home/ubuntu/sea-engine/tests/integration/test_edge_cases.py:311: Failed to initialize edge case engine: Incorrect padding</skipped></testcase><testcase classname="tests.integration.test_edge_cases.TestEdgeCasesAndFailures" name="test_resource_exhaustion_scenarios" time="0.024"><skipped type="pytest.skip" message="Failed to initialize edge case engine: Incorrect padding">/home/ubuntu/sea-engine/tests/integration/test_edge_cases.py:350: Failed to initialize edge case engine: Incorrect padding</skipped></testcase></testsuite></testsuites>