<?xml version="1.0" encoding="utf-8"?><testsuites name="pytest tests"><testsuite name="pytest" errors="0" failures="0" skipped="8" tests="8" time="0.631" timestamp="2025-06-11T23:57:52.511101+00:00" hostname="chatllm-computer-1106ece8c5-d96bf89c6-7mklw"><testcase classname="tests.integration.test_e2e_workflow.TestEndToEndWorkflow" name="test_tshirt_complete_workflow" time="0.028"><skipped type="pytest.skip" message="Failed to initialize engine: Incorrect padding">/home/ubuntu/sea-engine/tests/integration/test_e2e_workflow.py:112: Failed to initialize engine: Incorrect padding</skipped></testcase><testcase classname="tests.integration.test_e2e_workflow.TestEndToEndWorkflow" name="test_sweatshirt_complete_workflow" time="0.025"><skipped type="pytest.skip" message="Failed to initialize engine: Incorrect padding">/home/ubuntu/sea-engine/tests/integration/test_e2e_workflow.py:133: Failed to initialize engine: Incorrect padding</skipped></testcase><testcase classname="tests.integration.test_e2e_workflow.TestEndToEndWorkflow" name="test_poster_complete_workflow" time="0.024"><skipped type="pytest.skip" message="Failed to initialize engine: Incorrect padding">/home/ubuntu/sea-engine/tests/integration/test_e2e_workflow.py:154: Failed to initialize engine: Incorrect padding</skipped></testcase><testcase classname="tests.integration.test_e2e_workflow.TestEndToEndWorkflow" name="test_mockup_generation_integration" time="0.024"><skipped type="pytest.skip" message="Failed to initialize engine: Incorrect padding">/home/ubuntu/sea-engine/tests/integration/test_e2e_workflow.py:196: Failed to initialize engine: Incorrect padding</skipped></testcase><testcase classname="tests.integration.test_e2e_workflow.TestEndToEndWorkflow" name="test_workflow_state_persistence" time="0.026"><skipped type="pytest.skip" message="Failed to initialize engine: Incorrect padding">/home/ubuntu/sea-engine/tests/integration/test_e2e_workflow.py:219: Failed to initialize engine: Incorrect padding</skipped></testcase><testcase classname="tests.integration.test_e2e_workflow.TestEndToEndWorkflow" name="test_workflow_interruption_recovery" time="0.026"><skipped type="pytest.skip" message="Failed to initialize engine: Incorrect padding">/home/ubuntu/sea-engine/tests/integration/test_e2e_workflow.py:241: Failed to initialize engine: Incorrect padding</skipped></testcase><testcase classname="tests.integration.test_e2e_workflow.TestEndToEndWorkflow" name="test_error_rollback_mechanisms" time="0.024"><skipped type="pytest.skip" message="Failed to initialize engine: Incorrect padding">/home/ubuntu/sea-engine/tests/integration/test_e2e_workflow.py:270: Failed to initialize engine: Incorrect padding</skipped></testcase><testcase classname="tests.integration.test_e2e_workflow.TestEndToEndWorkflow" name="test_configuration_driven_workflow" time="0.025"><skipped type="pytest.skip" message="Failed to initialize engine: Incorrect padding">/home/ubuntu/sea-engine/tests/integration/test_e2e_workflow.py:312: Failed to initialize engine: Incorrect padding</skipped></testcase></testsuite></testsuites>