<?xml version="1.0" encoding="utf-8"?><testsuites name="pytest tests"><testsuite name="pytest" errors="0" failures="0" skipped="14" tests="14" time="0.761" timestamp="2025-06-11T23:57:55.360098+00:00" hostname="chatllm-computer-1106ece8c5-d96bf89c6-7mklw"><testcase classname="tests.integration.test_prod_readiness.TestProductionReadiness" name="test_logging_system_validation" time="0.023"><skipped type="pytest.skip" message="Failed to initialize production engine: Incorrect padding">/home/ubuntu/sea-engine/tests/integration/test_prod_readiness.py:75: Failed to initialize production engine: Incorrect padding</skipped></testcase><testcase classname="tests.integration.test_prod_readiness.TestProductionReadiness" name="test_log_file_rotation" time="0.024"><skipped type="pytest.skip" message="Failed to initialize production engine: Incorrect padding">/home/ubuntu/sea-engine/tests/integration/test_prod_readiness.py:98: Failed to initialize production engine: Incorrect padding</skipped></testcase><testcase classname="tests.integration.test_prod_readiness.TestProductionReadiness" name="test_error_reporting_capabilities" time="0.023"><skipped type="pytest.skip" message="Failed to initialize production engine: Incorrect padding">/home/ubuntu/sea-engine/tests/integration/test_prod_readiness.py:115: Failed to initialize production engine: Incorrect padding</skipped></testcase><testcase classname="tests.integration.test_prod_readiness.TestProductionReadiness" name="test_performance_metrics_collection" time="0.024"><skipped type="pytest.skip" message="Failed to initialize production engine: Incorrect padding">/home/ubuntu/sea-engine/tests/integration/test_prod_readiness.py:146: Failed to initialize production engine: Incorrect padding</skipped></testcase><testcase classname="tests.integration.test_prod_readiness.TestProductionReadiness" name="test_health_check_endpoints" time="0.024"><skipped type="pytest.skip" message="Failed to initialize production engine: Incorrect padding">/home/ubuntu/sea-engine/tests/integration/test_prod_readiness.py:186: Failed to initialize production engine: Incorrect padding</skipped></testcase><testcase classname="tests.integration.test_prod_readiness.TestProductionReadiness" name="test_credential_security_handling" time="0.027"><skipped type="pytest.skip" message="Failed to initialize production engine: Incorrect padding">/home/ubuntu/sea-engine/tests/integration/test_prod_readiness.py:221: Failed to initialize production engine: Incorrect padding</skipped></testcase><testcase classname="tests.integration.test_prod_readiness.TestProductionReadiness" name="test_environment_configuration_management" time="0.026"><skipped type="pytest.skip" message="Failed to initialize production engine: Incorrect padding">/home/ubuntu/sea-engine/tests/integration/test_prod_readiness.py:257: Failed to initialize production engine: Incorrect padding</skipped></testcase><testcase classname="tests.integration.test_prod_readiness.TestProductionReadiness" name="test_backup_and_recovery_procedures" time="0.025"><skipped type="pytest.skip" message="Failed to initialize production engine: Incorrect padding">/home/ubuntu/sea-engine/tests/integration/test_prod_readiness.py:281: Failed to initialize production engine: Incorrect padding</skipped></testcase><testcase classname="tests.integration.test_prod_readiness.TestProductionReadiness" name="test_system_monitoring_capabilities" time="0.024"><skipped type="pytest.skip" message="Failed to initialize production engine: Incorrect padding">/home/ubuntu/sea-engine/tests/integration/test_prod_readiness.py:315: Failed to initialize production engine: Incorrect padding</skipped></testcase><testcase classname="tests.integration.test_prod_readiness.TestProductionReadiness" name="test_startup_shutdown_procedures" time="0.025"><skipped type="pytest.skip" message="Failed to initialize production engine: Incorrect padding">/home/ubuntu/sea-engine/tests/integration/test_prod_readiness.py:359: Failed to initialize production engine: Incorrect padding</skipped></testcase><testcase classname="tests.integration.test_prod_readiness.TestProductionReadiness" name="test_configuration_validation" time="0.024"><skipped type="pytest.skip" message="Failed to initialize production engine: Incorrect padding">/home/ubuntu/sea-engine/tests/integration/test_prod_readiness.py:395: Failed to initialize production engine: Incorrect padding</skipped></testcase><testcase classname="tests.integration.test_prod_readiness.TestProductionReadiness" name="test_dependency_verification" time="0.025"><skipped type="pytest.skip" message="Failed to initialize production engine: Incorrect padding">/home/ubuntu/sea-engine/tests/integration/test_prod_readiness.py:444: Failed to initialize production engine: Incorrect padding</skipped></testcase><testcase classname="tests.integration.test_prod_readiness.TestProductionReadiness" name="test_deployment_readiness_checklist" time="0.024"><skipped type="pytest.skip" message="Failed to initialize production engine: Incorrect padding">/home/ubuntu/sea-engine/tests/integration/test_prod_readiness.py:481: Failed to initialize production engine: Incorrect padding</skipped></testcase><testcase classname="tests.integration.test_prod_readiness.TestProductionReadiness" name="test_documentation_completeness" time="0.026"><skipped type="pytest.skip" message="Failed to initialize production engine: Incorrect padding">/home/ubuntu/sea-engine/tests/integration/test_prod_readiness.py:519: Failed to initialize production engine: Incorrect padding</skipped></testcase></testsuite></testsuites>