<?xml version="1.0" encoding="utf-8"?><testsuites name="pytest tests"><testsuite name="pytest" errors="0" failures="0" skipped="5" tests="5" time="0.533" timestamp="2025-06-11T23:57:56.892407+00:00" hostname="chatllm-computer-1106ece8c5-d96bf89c6-7mklw"><testcase classname="tests.integration.test_stress.TestStressAndPerformance" name="test_memory_usage_under_load" time="0.025"><skipped type="pytest.skip" message="Failed to initialize performance engine: Incorrect padding">/home/ubuntu/sea-engine/tests/integration/test_stress.py:188: Failed to initialize performance engine: Incorrect padding</skipped></testcase><testcase classname="tests.integration.test_stress.TestStressAndPerformance" name="test_concurrent_api_calls" time="0.024"><skipped type="pytest.skip" message="Failed to initialize performance engine: Incorrect padding">/home/ubuntu/sea-engine/tests/integration/test_stress.py:220: Failed to initialize performance engine: Incorrect padding</skipped></testcase><testcase classname="tests.integration.test_stress.TestStressAndPerformance" name="test_rate_limiting_compliance_stress" time="0.025"><skipped type="pytest.skip" message="Failed to initialize performance engine: Incorrect padding">/home/ubuntu/sea-engine/tests/integration/test_stress.py:258: Failed to initialize performance engine: Incorrect padding</skipped></testcase><testcase classname="tests.integration.test_stress.TestStressAndPerformance" name="test_api_response_time_tracking" time="0.025"><skipped type="pytest.skip" message="Failed to initialize performance engine: Incorrect padding">/home/ubuntu/sea-engine/tests/integration/test_stress.py:331: Failed to initialize performance engine: Incorrect padding</skipped></testcase><testcase classname="tests.integration.test_stress.TestStressAndPerformance" name="test_bottleneck_identification" time="0.028"><skipped type="pytest.skip" message="Failed to initialize performance engine: Incorrect padding">/home/ubuntu/sea-engine/tests/integration/test_stress.py:371: Failed to initialize performance engine: Incorrect padding</skipped></testcase></testsuite></testsuites>